{"/Users/headquarters/Documents/Code/can-dbc/src/dbc/dbc.ts": {"path":"/Users/headquarters/Documents/Code/can-dbc/src/dbc/dbc.ts","statementMap":{"0":{"start":{"line":1,"column":0},"end":{"line":1,"column":25}},"1":{"start":{"line":2,"column":0},"end":{"line":2,"column":37}},"2":{"start":{"line":4,"column":0},"end":{"line":4,"column":30}},"3":{"start":{"line":5,"column":0},"end":{"line":5,"column":47}},"4":{"start":{"line":7,"column":0},"end":{"line":7,"column":null}},"5":{"start":{"line":7,"column":18},"end":{"line":7,"column":24}},"6":{"start":{"line":11,"column":4},"end":{"line":11,"column":null}},"7":{"start":{"line":13,"column":4},"end":{"line":21,"column":6}},"8":{"start":{"line":24,"column":2},"end":{"line":26,"column":null}},"9":{"start":{"line":25,"column":4},"end":{"line":25,"column":32}},"10":{"start":{"line":28,"column":2},"end":{"line":30,"column":null}},"11":{"start":{"line":29,"column":4},"end":{"line":29,"column":39}},"12":{"start":{"line":32,"column":2},"end":{"line":34,"column":null}},"13":{"start":{"line":33,"column":4},"end":{"line":33,"column":31}},"14":{"start":{"line":36,"column":2},"end":{"line":38,"column":null}},"15":{"start":{"line":37,"column":4},"end":{"line":37,"column":40}},"16":{"start":{"line":40,"column":2},"end":{"line":50,"column":null}},"17":{"start":{"line":40,"column":55},"end":{"line":40,"column":75}},"18":{"start":{"line":40,"column":75},"end":{"line":40,"column":null}},"19":{"start":{"line":41,"column":27},"end":{"line":48,"column":6}},"20":{"start":{"line":49,"column":4},"end":{"line":49,"column":19}},"21":{"start":{"line":52,"column":2},"end":{"line":54,"column":null}},"22":{"start":{"line":53,"column":4},"end":{"line":53,"column":50}},"23":{"start":{"line":56,"column":2},"end":{"line":56,"column":null}},"24":{"start":{"line":58,"column":2},"end":{"line":61,"column":null}},"25":{"start":{"line":59,"column":18},"end":{"line":59,"column":53}},"26":{"start":{"line":60,"column":4},"end":{"line":60,"column":46}},"27":{"start":{"line":63,"column":2},"end":{"line":71,"column":null}},"28":{"start":{"line":64,"column":21},"end":{"line":64,"column":39}},"29":{"start":{"line":65,"column":4},"end":{"line":69,"column":null}},"30":{"start":{"line":65,"column":34},"end":{"line":65,"column":44}},"31":{"start":{"line":65,"column":42},"end":{"line":65,"column":44}},"32":{"start":{"line":65,"column":15},"end":{"line":65,"column":16}},"33":{"start":{"line":65,"column":20},"end":{"line":65,"column":22}},"34":{"start":{"line":65,"column":29},"end":{"line":65,"column":30}},"35":{"start":{"line":66,"column":6},"end":{"line":68,"column":null}},"36":{"start":{"line":67,"column":8},"end":{"line":67,"column":23}},"37":{"start":{"line":70,"column":4},"end":{"line":70,"column":86}},"38":{"start":{"line":73,"column":2},"end":{"line":80,"column":null}},"39":{"start":{"line":74,"column":4},"end":{"line":79,"column":null}},"40":{"start":{"line":75,"column":18},"end":{"line":75,"column":46}},"41":{"start":{"line":76,"column":6},"end":{"line":76,"column":17}},"42":{"start":{"line":78,"column":6},"end":{"line":78,"column":92}},"43":{"start":{"line":82,"column":8},"end":{"line":110,"column":null}},"44":{"start":{"line":83,"column":10},"end":{"line":83,"column":49}},"45":{"start":{"line":87,"column":10},"end":{"line":90,"column":7}},"46":{"start":{"line":92,"column":8},"end":{"line":92,"column":24}},"47":{"start":{"line":93,"column":8},"end":{"line":101,"column":6}},"48":{"start":{"line":102,"column":29},"end":{"line":102,"column":null}},"49":{"start":{"line":102,"column":21},"end":{"line":102,"column":29}},"50":{"start":{"line":103,"column":6},"end":{"line":103,"column":38}},"51":{"start":{"line":104,"column":6},"end":{"line":104,"column":57}},"52":{"start":{"line":108,"column":4},"end":{"line":108,"column":21}},"53":{"start":{"line":109,"column":4},"end":{"line":109,"column":16}},"54":{"start":{"line":112,"column":2},"end":{"line":114,"column":null}},"55":{"start":{"line":116,"column":2},"end":{"line":118,"column":null}},"56":{"start":{"line":119,"column":0},"end":{"line":119,"column":null}},"57":{"start":{"line":121,"column":0},"end":{"line":121,"column":19}}},"fnMap":{"0":{"name":"(anonymous_29)","decl":{"start":{"line":7,"column":0},"end":{"line":7,"column":18}},"loc":{"start":{"line":7,"column":0},"end":{"line":119,"column":null}}},"1":{"name":"Dbc","decl":{"start":{"line":10,"column":2},"end":{"line":10,"column":null}},"loc":{"start":{"line":10,"column":2},"end":{"line":22,"column":3}}},"2":{"name":"(anonymous_31)","decl":{"start":{"line":24,"column":2},"end":{"line":24,"column":6}},"loc":{"start":{"line":24,"column":29},"end":{"line":26,"column":3}}},"3":{"name":"(anonymous_32)","decl":{"start":{"line":28,"column":2},"end":{"line":28,"column":6}},"loc":{"start":{"line":28,"column":36},"end":{"line":30,"column":3}}},"4":{"name":"(anonymous_33)","decl":{"start":{"line":32,"column":2},"end":{"line":32,"column":6}},"loc":{"start":{"line":32,"column":35},"end":{"line":34,"column":3}}},"5":{"name":"(anonymous_34)","decl":{"start":{"line":36,"column":2},"end":{"line":36,"column":6}},"loc":{"start":{"line":36,"column":37},"end":{"line":38,"column":3}}},"6":{"name":"(anonymous_35)","decl":{"start":{"line":40,"column":2},"end":{"line":40,"column":15}},"loc":{"start":{"line":40,"column":93},"end":{"line":50,"column":3}}},"7":{"name":"(anonymous_36)","decl":{"start":{"line":52,"column":2},"end":{"line":52,"column":12}},"loc":{"start":{"line":52,"column":29},"end":{"line":54,"column":3}}},"8":{"name":"(anonymous_37)","decl":{"start":{"line":56,"column":2},"end":{"line":56,"column":14}},"loc":{"start":{"line":56,"column":59},"end":{"line":56,"column":63}}},"9":{"name":"(anonymous_38)","decl":{"start":{"line":58,"column":2},"end":{"line":58,"column":11}},"loc":{"start":{"line":58,"column":47},"end":{"line":61,"column":3}}},"10":{"name":"(anonymous_39)","decl":{"start":{"line":63,"column":2},"end":{"line":63,"column":16}},"loc":{"start":{"line":63,"column":27},"end":{"line":71,"column":3}}},"11":{"name":"(anonymous_40)","decl":{"start":{"line":73,"column":2},"end":{"line":73,"column":18}},"loc":{"start":{"line":73,"column":31},"end":{"line":80,"column":3}}},"12":{"name":"(anonymous_41)","decl":{"start":{"line":82,"column":2},"end":{"line":82,"column":8}},"loc":{"start":{"line":82,"column":25},"end":{"line":110,"column":null}}},"13":{"name":"(anonymous_44)","decl":{"start":{"line":112,"column":2},"end":{"line":112,"column":8}},"loc":{"start":{"line":112,"column":25},"end":{"line":114,"column":3}}},"14":{"name":"(anonymous_45)","decl":{"start":{"line":116,"column":2},"end":{"line":116,"column":8}},"loc":{"start":{"line":116,"column":25},"end":{"line":118,"column":3}}}},"branchMap":{"0":{"loc":{"start":{"line":11,"column":4},"end":{"line":11,"column":null}},"type":"binary-expr","locations":[{"start":{"line":11,"column":4},"end":{"line":11,"column":11}},{"start":{"line":11,"column":11},"end":{"line":11,"column":null}}]},"1":{"loc":{"start":{"line":40,"column":55},"end":{"line":40,"column":75}},"type":"if","locations":[{"start":{"line":40,"column":55},"end":{"line":40,"column":75}}]},"2":{"loc":{"start":{"line":40,"column":75},"end":{"line":40,"column":null}},"type":"if","locations":[{"start":{"line":40,"column":75},"end":{"line":40,"column":null}}]},"3":{"loc":{"start":{"line":60,"column":4},"end":{"line":60,"column":45}},"type":"cond-expr","locations":[{"start":{"line":60,"column":11},"end":{"line":60,"column":13}},{"start":{"line":60,"column":4},"end":{"line":60,"column":45}}]},"4":{"loc":{"start":{"line":60,"column":4},"end":{"line":60,"column":13}},"type":"binary-expr","locations":[{"start":{"line":60,"column":4},"end":{"line":60,"column":13}},{"start":{"line":60,"column":4},"end":{"line":60,"column":13}}]},"5":{"loc":{"start":{"line":66,"column":6},"end":{"line":68,"column":null}},"type":"if","locations":[{"start":{"line":66,"column":6},"end":{"line":68,"column":null}}]}},"s":{"0":3,"1":3,"2":3,"3":3,"4":3,"5":3,"6":10,"7":10,"8":3,"9":0,"10":3,"11":0,"12":3,"13":0,"14":3,"15":0,"16":3,"17":0,"18":0,"19":0,"20":0,"21":3,"22":0,"23":3,"24":3,"25":0,"26":0,"27":3,"28":0,"29":0,"30":0,"31":0,"32":0,"33":0,"34":0,"35":0,"36":0,"37":0,"38":3,"39":0,"40":0,"41":0,"42":0,"43":3,"44":10,"45":10,"46":10,"47":10,"48":10,"49":0,"50":0,"51":0,"52":0,"53":0,"54":3,"55":3,"56":3,"57":3},"f":{"0":3,"1":10,"2":0,"3":0,"4":0,"5":0,"6":0,"7":0,"8":0,"9":0,"10":0,"11":0,"12":10,"13":0,"14":0},"b":{"0":[10,10],"1":[0],"2":[0],"3":[0,0],"4":[0,0],"5":[0]}}
,"/Users/headquarters/Documents/Code/can-dbc/src/dbc/errors.ts": {"path":"/Users/headquarters/Documents/Code/can-dbc/src/dbc/errors.ts","statementMap":{"0":{"start":{"line":7,"column":0},"end":{"line":7,"column":null}},"1":{"start":{"line":7,"column":45},"end":{"line":7,"column":50}},"2":{"start":{"line":10,"column":4},"end":{"line":10,"column":null}},"3":{"start":{"line":8,"column":2},"end":{"line":8,"column":20}},"4":{"start":{"line":11,"column":4},"end":{"line":11,"column":67}},"5":{"start":{"line":13,"column":0},"end":{"line":13,"column":null}},"6":{"start":{"line":7,"column":13},"end":{"line":7,"column":36}},"7":{"start":{"line":15,"column":0},"end":{"line":15,"column":null}},"8":{"start":{"line":15,"column":41},"end":{"line":15,"column":46}},"9":{"start":{"line":18,"column":4},"end":{"line":18,"column":null}},"10":{"start":{"line":16,"column":2},"end":{"line":16,"column":20}},"11":{"start":{"line":19,"column":4},"end":{"line":19,"column":63}},"12":{"start":{"line":21,"column":0},"end":{"line":21,"column":null}},"13":{"start":{"line":15,"column":13},"end":{"line":15,"column":32}},"14":{"start":{"line":23,"column":0},"end":{"line":23,"column":null}},"15":{"start":{"line":23,"column":32},"end":{"line":23,"column":37}},"16":{"start":{"line":26,"column":4},"end":{"line":26,"column":null}},"17":{"start":{"line":24,"column":2},"end":{"line":24,"column":20}},"18":{"start":{"line":27,"column":4},"end":{"line":27,"column":63}},"19":{"start":{"line":29,"column":0},"end":{"line":29,"column":null}},"20":{"start":{"line":23,"column":13},"end":{"line":23,"column":23}},"21":{"start":{"line":31,"column":0},"end":{"line":31,"column":null}},"22":{"start":{"line":31,"column":32},"end":{"line":31,"column":37}},"23":{"start":{"line":34,"column":4},"end":{"line":34,"column":null}},"24":{"start":{"line":32,"column":2},"end":{"line":32,"column":20}},"25":{"start":{"line":35,"column":4},"end":{"line":35,"column":63}},"26":{"start":{"line":37,"column":0},"end":{"line":37,"column":null}},"27":{"start":{"line":31,"column":13},"end":{"line":31,"column":23}}},"fnMap":{"0":{"name":"(anonymous_6)","decl":{"start":{"line":7,"column":0},"end":{"line":7,"column":13}},"loc":{"start":{"line":7,"column":0},"end":{"line":13,"column":null}}},"1":{"name":"LineDoesNotContainToken","decl":{"start":{"line":9,"column":2},"end":{"line":9,"column":14}},"loc":{"start":{"line":9,"column":29},"end":{"line":12,"column":3}}},"2":{"name":"(anonymous_8)","decl":{"start":{"line":15,"column":0},"end":{"line":15,"column":13}},"loc":{"start":{"line":15,"column":0},"end":{"line":21,"column":null}}},"3":{"name":"MessageDoesNotExist","decl":{"start":{"line":17,"column":2},"end":{"line":17,"column":14}},"loc":{"start":{"line":17,"column":29},"end":{"line":20,"column":3}}},"4":{"name":"(anonymous_10)","decl":{"start":{"line":23,"column":0},"end":{"line":23,"column":13}},"loc":{"start":{"line":23,"column":0},"end":{"line":29,"column":null}}},"5":{"name":"ParseError","decl":{"start":{"line":25,"column":2},"end":{"line":25,"column":14}},"loc":{"start":{"line":25,"column":29},"end":{"line":28,"column":3}}},"6":{"name":"(anonymous_12)","decl":{"start":{"line":31,"column":0},"end":{"line":31,"column":13}},"loc":{"start":{"line":31,"column":0},"end":{"line":37,"column":null}}},"7":{"name":"TokenError","decl":{"start":{"line":33,"column":2},"end":{"line":33,"column":14}},"loc":{"start":{"line":33,"column":29},"end":{"line":36,"column":3}}}},"branchMap":{"0":{"loc":{"start":{"line":10,"column":4},"end":{"line":10,"column":null}},"type":"binary-expr","locations":[{"start":{"line":10,"column":4},"end":{"line":10,"column":18}},{"start":{"line":10,"column":18},"end":{"line":10,"column":null}}]},"1":{"loc":{"start":{"line":18,"column":4},"end":{"line":18,"column":null}},"type":"binary-expr","locations":[{"start":{"line":18,"column":4},"end":{"line":18,"column":18}},{"start":{"line":18,"column":18},"end":{"line":18,"column":null}}]},"2":{"loc":{"start":{"line":26,"column":4},"end":{"line":26,"column":null}},"type":"binary-expr","locations":[{"start":{"line":26,"column":4},"end":{"line":26,"column":18}},{"start":{"line":26,"column":18},"end":{"line":26,"column":null}}]},"3":{"loc":{"start":{"line":34,"column":4},"end":{"line":34,"column":null}},"type":"binary-expr","locations":[{"start":{"line":34,"column":4},"end":{"line":34,"column":18}},{"start":{"line":34,"column":18},"end":{"line":34,"column":null}}]}},"s":{"0":3,"1":3,"2":0,"3":0,"4":0,"5":3,"6":3,"7":3,"8":3,"9":0,"10":0,"11":0,"12":3,"13":3,"14":3,"15":3,"16":0,"17":0,"18":0,"19":3,"20":3,"21":3,"22":3,"23":0,"24":0,"25":0,"26":3,"27":3},"f":{"0":3,"1":0,"2":3,"3":0,"4":3,"5":0,"6":3,"7":0},"b":{"0":[0,0],"1":[0,0],"2":[0,0],"3":[0,0]}}
,"/Users/headquarters/Documents/Code/can-dbc/src/dbc/parser.ts": {"path":"/Users/headquarters/Documents/Code/can-dbc/src/dbc/parser.ts","statementMap":{"0":{"start":{"line":20,"column":0},"end":{"line":20,"column":30}},"1":{"start":{"line":22,"column":0},"end":{"line":22,"column":null}},"2":{"start":{"line":29,"column":4},"end":{"line":29,"column":25}},"3":{"start":{"line":32,"column":2},"end":{"line":34,"column":null}},"4":{"start":{"line":33,"column":4},"end":{"line":33,"column":39}},"5":{"start":{"line":45,"column":12},"end":{"line":74,"column":null}},"6":{"start":{"line":45,"column":2},"end":{"line":45,"column":12}},"7":{"start":{"line":46,"column":23},"end":{"line":46,"column":47}},"8":{"start":{"line":48,"column":36},"end":{"line":48,"column":40}},"9":{"start":{"line":49,"column":21},"end":{"line":49,"column":25}},"10":{"start":{"line":50,"column":22},"end":{"line":50,"column":31}},"11":{"start":{"line":51,"column":15},"end":{"line":51,"column":26}},"12":{"start":{"line":52,"column":4},"end":{"line":64,"column":7}},"13":{"start":{"line":53,"column":6},"end":{"line":62,"column":null}},"14":{"start":{"line":54,"column":8},"end":{"line":54,"column":27}},"15":{"start":{"line":55,"column":8},"end":{"line":55,"column":65}},"16":{"start":{"line":56,"column":8},"end":{"line":56,"column":43}},"17":{"start":{"line":58,"column":13},"end":{"line":62,"column":null}},"18":{"start":{"line":59,"column":8},"end":{"line":59,"column":27}},"19":{"start":{"line":60,"column":8},"end":{"line":60,"column":65}},"20":{"start":{"line":61,"column":8},"end":{"line":61,"column":43}},"21":{"start":{"line":66,"column":4},"end":{"line":66,"column":42}},"22":{"start":{"line":67,"column":4},"end":{"line":67,"column":52}},"23":{"start":{"line":67,"column":31},"end":{"line":67,"column":51}},"24":{"start":{"line":69,"column":4},"end":{"line":73,"column":6}},"25":{"start":{"line":82,"column":12},"end":{"line":150,"column":null}},"26":{"start":{"line":83,"column":4},"end":{"line":148,"column":null}},"27":{"start":{"line":84,"column":25},"end":{"line":84,"column":49}},"28":{"start":{"line":86,"column":13},"end":{"line":86,"column":34}},"29":{"start":{"line":87,"column":16},"end":{"line":87,"column":17}},"30":{"start":{"line":88,"column":6},"end":{"line":92,"column":null}},"31":{"start":{"line":89,"column":8},"end":{"line":89,"column":47}},"32":{"start":{"line":91,"column":8},"end":{"line":91,"column":20}},"33":{"start":{"line":93,"column":6},"end":{"line":147,"column":null}},"34":{"start":{"line":95,"column":10},"end":{"line":95,"column":51}},"35":{"start":{"line":96,"column":10},"end":{"line":96,"column":16}},"36":{"start":{"line":98,"column":10},"end":{"line":98,"column":75}},"37":{"start":{"line":99,"column":10},"end":{"line":99,"column":16}},"38":{"start":{"line":103,"column":30},"end":{"line":103,"column":62}},"39":{"start":{"line":104,"column":26},"end":{"line":104,"column":61}},"40":{"start":{"line":105,"column":10},"end":{"line":108,"column":null}},"41":{"start":{"line":106,"column":24},"end":{"line":106,"column":50}},"42":{"start":{"line":107,"column":12},"end":{"line":107,"column":68}},"43":{"start":{"line":109,"column":10},"end":{"line":109,"column":16}},"44":{"start":{"line":111,"column":10},"end":{"line":111,"column":53}},"45":{"start":{"line":113,"column":10},"end":{"line":113,"column":69}},"46":{"start":{"line":115,"column":10},"end":{"line":115,"column":44}},"47":{"start":{"line":116,"column":10},"end":{"line":116,"column":16}},"48":{"start":{"line":118,"column":10},"end":{"line":118,"column":16}},"49":{"start":{"line":120,"column":10},"end":{"line":120,"column":75}},"50":{"start":{"line":121,"column":10},"end":{"line":123,"column":null}},"51":{"start":{"line":122,"column":12},"end":{"line":122,"column":45}},"52":{"start":{"line":124,"column":10},"end":{"line":124,"column":16}},"53":{"start":{"line":126,"column":10},"end":{"line":126,"column":75}},"54":{"start":{"line":127,"column":10},"end":{"line":132,"column":null}},"55":{"start":{"line":128,"column":25},"end":{"line":128,"column":71}},"56":{"start":{"line":129,"column":12},"end":{"line":131,"column":null}},"57":{"start":{"line":130,"column":14},"end":{"line":130,"column":50}},"58":{"start":{"line":133,"column":10},"end":{"line":133,"column":16}},"59":{"start":{"line":135,"column":24},"end":{"line":135,"column":74}},"60":{"start":{"line":136,"column":26},"end":{"line":136,"column":59}},"61":{"start":{"line":137,"column":28},"end":{"line":137,"column":37}},"62":{"start":{"line":138,"column":10},"end":{"line":143,"column":null}},"63":{"start":{"line":138,"column":28},"end":{"line":138,"column":37}},"64":{"start":{"line":138,"column":35},"end":{"line":138,"column":37}},"65":{"start":{"line":138,"column":24},"end":{"line":138,"column":28}},"66":{"start":{"line":139,"column":12},"end":{"line":142,"column":14}},"67":{"start":{"line":144,"column":10},"end":{"line":144,"column":null}},"68":{"start":{"line":146,"column":10},"end":{"line":146,"column":16}},"69":{"start":{"line":149,"column":4},"end":{"line":149,"column":16}},"70":{"start":{"line":152,"column":2},"end":{"line":156,"column":null}},"71":{"start":{"line":153,"column":18},"end":{"line":153,"column":29}},"72":{"start":{"line":154,"column":17},"end":{"line":154,"column":34}},"73":{"start":{"line":155,"column":4},"end":{"line":155,"column":18}},"74":{"start":{"line":158,"column":2},"end":{"line":165,"column":null}},"75":{"start":{"line":159,"column":21},"end":{"line":159,"column":34}},"76":{"start":{"line":160,"column":4},"end":{"line":164,"column":null}},"77":{"start":{"line":160,"column":34},"end":{"line":160,"column":44}},"78":{"start":{"line":160,"column":42},"end":{"line":160,"column":44}},"79":{"start":{"line":160,"column":15},"end":{"line":160,"column":16}},"80":{"start":{"line":160,"column":20},"end":{"line":160,"column":22}},"81":{"start":{"line":160,"column":29},"end":{"line":160,"column":30}},"82":{"start":{"line":161,"column":6},"end":{"line":163,"column":null}},"83":{"start":{"line":162,"column":8},"end":{"line":162,"column":23}},"84":{"start":{"line":167,"column":12},"end":{"line":177,"column":null}},"85":{"start":{"line":168,"column":29},"end":{"line":175,"column":6}},"86":{"start":{"line":176,"column":4},"end":{"line":176,"column":19}},"87":{"start":{"line":179,"column":12},"end":{"line":196,"column":null}},"88":{"start":{"line":180,"column":27},"end":{"line":194,"column":6}},"89":{"start":{"line":195,"column":4},"end":{"line":195,"column":18}},"90":{"start":{"line":198,"column":12},"end":{"line":201,"column":null}},"91":{"start":{"line":199,"column":28},"end":{"line":199,"column":39}},"92":{"start":{"line":200,"column":4},"end":{"line":200,"column":19}},"93":{"start":{"line":203,"column":12},"end":{"line":206,"column":null}},"94":{"start":{"line":204,"column":36},"end":{"line":204,"column":63}},"95":{"start":{"line":205,"column":4},"end":{"line":205,"column":20}},"96":{"start":{"line":208,"column":12},"end":{"line":211,"column":null}},"97":{"start":{"line":209,"column":37},"end":{"line":209,"column":60}},"98":{"start":{"line":210,"column":4},"end":{"line":210,"column":28}},"99":{"start":{"line":212,"column":0},"end":{"line":212,"column":null}},"100":{"start":{"line":214,"column":0},"end":{"line":214,"column":22}}},"fnMap":{"0":{"name":"(anonymous_3)","decl":{"start":{"line":22,"column":0},"end":{"line":22,"column":null}},"loc":{"start":{"line":22,"column":0},"end":{"line":212,"column":null}}},"1":{"name":"Parser","decl":{"start":{"line":25,"column":2},"end":{"line":25,"column":null}},"loc":{"start":{"line":25,"column":2},"end":{"line":30,"column":3}}},"2":{"name":"(anonymous_5)","decl":{"start":{"line":32,"column":2},"end":{"line":32,"column":10}},"loc":{"start":{"line":32,"column":46},"end":{"line":34,"column":3}}},"3":{"name":"(anonymous_6)","decl":{"start":{"line":45,"column":2},"end":{"line":45,"column":12}},"loc":{"start":{"line":45,"column":34},"end":{"line":74,"column":3}}},"4":{"name":"(anonymous_7)","decl":{"start":{"line":52,"column":23},"end":{"line":52,"column":24}},"loc":{"start":{"line":52,"column":29},"end":{"line":64,"column":5}}},"5":{"name":"(anonymous_8)","decl":{"start":{"line":67,"column":21},"end":{"line":67,"column":22}},"loc":{"start":{"line":67,"column":26},"end":{"line":67,"column":32}}},"6":{"name":"(anonymous_9)","decl":{"start":{"line":82,"column":2},"end":{"line":82,"column":12}},"loc":{"start":{"line":82,"column":63},"end":{"line":150,"column":3}}},"7":{"name":"(anonymous_10)","decl":{"start":{"line":152,"column":2},"end":{"line":152,"column":25}},"loc":{"start":{"line":152,"column":52},"end":{"line":156,"column":3}}},"8":{"name":"(anonymous_11)","decl":{"start":{"line":158,"column":2},"end":{"line":158,"column":24}},"loc":{"start":{"line":158,"column":50},"end":{"line":165,"column":3}}},"9":{"name":"(anonymous_12)","decl":{"start":{"line":167,"column":2},"end":{"line":167,"column":12}},"loc":{"start":{"line":167,"column":42},"end":{"line":177,"column":3}}},"10":{"name":"(anonymous_13)","decl":{"start":{"line":179,"column":2},"end":{"line":179,"column":12}},"loc":{"start":{"line":179,"column":40},"end":{"line":196,"column":3}}},"11":{"name":"(anonymous_14)","decl":{"start":{"line":198,"column":2},"end":{"line":198,"column":12}},"loc":{"start":{"line":198,"column":42},"end":{"line":201,"column":3}}},"12":{"name":"(anonymous_15)","decl":{"start":{"line":203,"column":2},"end":{"line":203,"column":12}},"loc":{"start":{"line":203,"column":44},"end":{"line":206,"column":3}}},"13":{"name":"(anonymous_16)","decl":{"start":{"line":208,"column":2},"end":{"line":208,"column":12}},"loc":{"start":{"line":208,"column":53},"end":{"line":211,"column":3}}}},"branchMap":{"0":{"loc":{"start":{"line":53,"column":6},"end":{"line":62,"column":null}},"type":"if","locations":[{"start":{"line":53,"column":6},"end":{"line":62,"column":null}},{"start":{"line":58,"column":13},"end":{"line":62,"column":null}}]},"1":{"loc":{"start":{"line":58,"column":13},"end":{"line":62,"column":null}},"type":"if","locations":[{"start":{"line":58,"column":13},"end":{"line":62,"column":null}}]},"2":{"loc":{"start":{"line":83,"column":4},"end":{"line":148,"column":null}},"type":"if","locations":[{"start":{"line":83,"column":4},"end":{"line":148,"column":null}}]},"3":{"loc":{"start":{"line":93,"column":6},"end":{"line":147,"column":null}},"type":"switch","locations":[{"start":{"line":94,"column":8},"end":{"line":96,"column":16}},{"start":{"line":97,"column":8},"end":{"line":99,"column":16}},{"start":{"line":100,"column":8},"end":{"line":109,"column":16}},{"start":{"line":110,"column":8},"end":{"line":111,"column":53}},{"start":{"line":112,"column":8},"end":{"line":113,"column":69}},{"start":{"line":114,"column":8},"end":{"line":116,"column":16}},{"start":{"line":117,"column":8},"end":{"line":118,"column":16}},{"start":{"line":119,"column":8},"end":{"line":124,"column":16}},{"start":{"line":125,"column":8},"end":{"line":133,"column":16}},{"start":{"line":134,"column":8},"end":{"line":144,"column":null}},{"start":{"line":145,"column":8},"end":{"line":146,"column":16}}]},"4":{"loc":{"start":{"line":105,"column":10},"end":{"line":108,"column":null}},"type":"if","locations":[{"start":{"line":105,"column":10},"end":{"line":108,"column":null}}]},"5":{"loc":{"start":{"line":107,"column":12},"end":{"line":107,"column":67}},"type":"cond-expr","locations":[{"start":{"line":107,"column":15},"end":{"line":107,"column":17}},{"start":{"line":107,"column":12},"end":{"line":107,"column":67}}]},"6":{"loc":{"start":{"line":107,"column":12},"end":{"line":107,"column":17}},"type":"binary-expr","locations":[{"start":{"line":107,"column":12},"end":{"line":107,"column":17}},{"start":{"line":107,"column":12},"end":{"line":107,"column":17}}]},"7":{"loc":{"start":{"line":121,"column":10},"end":{"line":123,"column":null}},"type":"if","locations":[{"start":{"line":121,"column":10},"end":{"line":123,"column":null}}]},"8":{"loc":{"start":{"line":127,"column":10},"end":{"line":132,"column":null}},"type":"if","locations":[{"start":{"line":127,"column":10},"end":{"line":132,"column":null}}]},"9":{"loc":{"start":{"line":129,"column":12},"end":{"line":131,"column":null}},"type":"if","locations":[{"start":{"line":129,"column":12},"end":{"line":131,"column":null}}]},"10":{"loc":{"start":{"line":144,"column":10},"end":{"line":144,"column":56}},"type":"cond-expr","locations":[{"start":{"line":144,"column":26},"end":{"line":144,"column":28}},{"start":{"line":144,"column":26},"end":{"line":144,"column":56}}]},"11":{"loc":{"start":{"line":144,"column":10},"end":{"line":144,"column":28}},"type":"binary-expr","locations":[{"start":{"line":144,"column":10},"end":{"line":144,"column":28}},{"start":{"line":144,"column":26},"end":{"line":144,"column":28}}]},"12":{"loc":{"start":{"line":161,"column":6},"end":{"line":163,"column":null}},"type":"if","locations":[{"start":{"line":161,"column":6},"end":{"line":163,"column":null}}]},"13":{"loc":{"start":{"line":186,"column":14},"end":{"line":186,"column":47}},"type":"cond-expr","locations":[{"start":{"line":186,"column":35},"end":{"line":186,"column":39}},{"start":{"line":186,"column":42},"end":{"line":186,"column":47}}]}},"s":{"0":3,"1":3,"2":10,"3":3,"4":0,"5":3,"6":0,"7":0,"8":0,"9":0,"10":0,"11":0,"12":0,"13":0,"14":0,"15":0,"16":0,"17":0,"18":0,"19":0,"20":0,"21":0,"22":0,"23":0,"24":0,"25":3,"26":0,"27":0,"28":0,"29":0,"30":0,"31":0,"32":0,"33":0,"34":0,"35":0,"36":0,"37":0,"38":0,"39":0,"40":0,"41":0,"42":0,"43":0,"44":0,"45":0,"46":0,"47":0,"48":0,"49":0,"50":0,"51":0,"52":0,"53":0,"54":0,"55":0,"56":0,"57":0,"58":0,"59":0,"60":0,"61":0,"62":0,"63":0,"64":0,"65":0,"66":0,"67":0,"68":0,"69":0,"70":3,"71":0,"72":0,"73":0,"74":3,"75":0,"76":0,"77":0,"78":0,"79":0,"80":0,"81":0,"82":0,"83":0,"84":3,"85":0,"86":0,"87":3,"88":0,"89":0,"90":3,"91":0,"92":0,"93":3,"94":0,"95":0,"96":3,"97":0,"98":0,"99":3,"100":3},"f":{"0":3,"1":10,"2":0,"3":0,"4":0,"5":0,"6":0,"7":0,"8":0,"9":0,"10":0,"11":0,"12":0,"13":0},"b":{"0":[0,0],"1":[0],"2":[0],"3":[0,0,0,0,0,0,0,0,0,0,0],"4":[0],"5":[0,0],"6":[0,0],"7":[0],"8":[0],"9":[0],"10":[0,0],"11":[0,0],"12":[0],"13":[0,0]}}
,"/Users/headquarters/Documents/Code/can-dbc/src/dbc/tokens.ts": {"path":"/Users/headquarters/Documents/Code/can-dbc/src/dbc/tokens.ts","statementMap":{"0":{"start":{"line":6,"column":15},"end":{"line":71,"column":2}},"1":{"start":{"line":73,"column":0},"end":{"line":73,"column":22}}},"fnMap":{},"branchMap":{},"s":{"0":3,"1":3},"f":{},"b":{}}
}
