TN:
SF:src/dbc/dbc.ts
FN:7,(anonymous_29)
FN:10,Dbc
FN:24,(anonymous_31)
FN:28,(anonymous_32)
FN:32,(anonymous_33)
FN:36,(anonymous_34)
FN:40,(anonymous_35)
FN:52,(anonymous_36)
FN:56,(anonymous_37)
FN:58,(anonymous_38)
FN:63,(anonymous_39)
FN:73,(anonymous_40)
FN:82,(anonymous_41)
FN:112,(anonymous_44)
FN:116,(anonymous_45)
FNF:15
FNH:3
FNDA:3,(anonymous_29)
FNDA:10,Dbc
FNDA:0,(anonymous_31)
FNDA:0,(anonymous_32)
FNDA:0,(anonymous_33)
FNDA:0,(anonymous_34)
FNDA:0,(anonymous_35)
FNDA:0,(anonymous_36)
FNDA:0,(anonymous_37)
FNDA:0,(anonymous_38)
FNDA:0,(anonymous_39)
FNDA:0,(anonymous_40)
FNDA:10,(anonymous_41)
FNDA:0,(anonymous_44)
FNDA:0,(anonymous_45)
DA:1,3
DA:2,3
DA:4,3
DA:5,3
DA:7,3
DA:11,10
DA:13,10
DA:24,3
DA:25,0
DA:28,3
DA:29,0
DA:32,3
DA:33,0
DA:36,3
DA:37,0
DA:40,3
DA:41,0
DA:49,0
DA:52,3
DA:53,0
DA:56,3
DA:58,3
DA:59,0
DA:60,0
DA:63,3
DA:64,0
DA:65,0
DA:66,0
DA:67,0
DA:70,0
DA:73,3
DA:74,0
DA:75,0
DA:76,0
DA:78,0
DA:82,3
DA:83,10
DA:87,10
DA:92,10
DA:93,10
DA:102,10
DA:103,0
DA:104,0
DA:108,0
DA:109,0
DA:112,3
DA:116,3
DA:119,3
DA:121,3
LF:49
LH:27
BRDA:11,0,0,10
BRDA:11,0,1,10
BRDA:40,1,0,0
BRDA:40,2,0,0
BRDA:60,3,0,0
BRDA:60,3,1,0
BRDA:60,4,0,0
BRDA:60,4,1,0
BRDA:66,5,0,0
BRF:9
BRH:2
end_of_record
TN:
SF:src/dbc/errors.ts
FN:7,(anonymous_6)
FN:9,LineDoesNotContainToken
FN:15,(anonymous_8)
FN:17,MessageDoesNotExist
FN:23,(anonymous_10)
FN:25,ParseError
FN:31,(anonymous_12)
FN:33,TokenError
FNF:8
FNH:4
FNDA:3,(anonymous_6)
FNDA:0,LineDoesNotContainToken
FNDA:3,(anonymous_8)
FNDA:0,MessageDoesNotExist
FNDA:3,(anonymous_10)
FNDA:0,ParseError
FNDA:3,(anonymous_12)
FNDA:0,TokenError
DA:7,3
DA:8,0
DA:10,0
DA:11,0
DA:13,3
DA:15,3
DA:16,0
DA:18,0
DA:19,0
DA:21,3
DA:23,3
DA:24,0
DA:26,0
DA:27,0
DA:29,3
DA:31,3
DA:32,0
DA:34,0
DA:35,0
DA:37,3
LF:20
LH:8
BRDA:10,0,0,0
BRDA:10,0,1,0
BRDA:18,1,0,0
BRDA:18,1,1,0
BRDA:26,2,0,0
BRDA:26,2,1,0
BRDA:34,3,0,0
BRDA:34,3,1,0
BRF:8
BRH:0
end_of_record
TN:
SF:src/dbc/parser.ts
FN:22,(anonymous_3)
FN:25,Parser
FN:32,(anonymous_5)
FN:45,(anonymous_6)
FN:52,(anonymous_7)
FN:67,(anonymous_8)
FN:82,(anonymous_9)
FN:152,(anonymous_10)
FN:158,(anonymous_11)
FN:167,(anonymous_12)
FN:179,(anonymous_13)
FN:198,(anonymous_14)
FN:203,(anonymous_15)
FN:208,(anonymous_16)
FNF:14
FNH:2
FNDA:3,(anonymous_3)
FNDA:10,Parser
FNDA:0,(anonymous_5)
FNDA:0,(anonymous_6)
FNDA:0,(anonymous_7)
FNDA:0,(anonymous_8)
FNDA:0,(anonymous_9)
FNDA:0,(anonymous_10)
FNDA:0,(anonymous_11)
FNDA:0,(anonymous_12)
FNDA:0,(anonymous_13)
FNDA:0,(anonymous_14)
FNDA:0,(anonymous_15)
FNDA:0,(anonymous_16)
DA:20,3
DA:22,3
DA:29,10
DA:32,3
DA:33,0
DA:45,3
DA:46,0
DA:48,0
DA:49,0
DA:50,0
DA:51,0
DA:52,0
DA:53,0
DA:54,0
DA:55,0
DA:56,0
DA:58,0
DA:59,0
DA:60,0
DA:61,0
DA:66,0
DA:67,0
DA:69,0
DA:82,3
DA:83,0
DA:84,0
DA:86,0
DA:87,0
DA:88,0
DA:89,0
DA:91,0
DA:93,0
DA:95,0
DA:96,0
DA:98,0
DA:99,0
DA:103,0
DA:104,0
DA:105,0
DA:106,0
DA:107,0
DA:109,0
DA:111,0
DA:113,0
DA:115,0
DA:116,0
DA:118,0
DA:120,0
DA:121,0
DA:122,0
DA:124,0
DA:126,0
DA:127,0
DA:128,0
DA:129,0
DA:130,0
DA:133,0
DA:135,0
DA:136,0
DA:137,0
DA:138,0
DA:139,0
DA:144,0
DA:146,0
DA:149,0
DA:152,3
DA:153,0
DA:154,0
DA:155,0
DA:158,3
DA:159,0
DA:160,0
DA:161,0
DA:162,0
DA:167,3
DA:168,0
DA:176,0
DA:179,3
DA:180,0
DA:195,0
DA:198,3
DA:199,0
DA:200,0
DA:203,3
DA:204,0
DA:205,0
DA:208,3
DA:209,0
DA:210,0
DA:212,3
DA:214,3
LF:91
LH:15
BRDA:53,0,0,0
BRDA:53,0,1,0
BRDA:58,1,0,0
BRDA:83,2,0,0
BRDA:93,3,0,0
BRDA:93,3,1,0
BRDA:93,3,2,0
BRDA:93,3,3,0
BRDA:93,3,4,0
BRDA:93,3,5,0
BRDA:93,3,6,0
BRDA:93,3,7,0
BRDA:93,3,8,0
BRDA:93,3,9,0
BRDA:93,3,10,0
BRDA:105,4,0,0
BRDA:107,5,0,0
BRDA:107,5,1,0
BRDA:107,6,0,0
BRDA:107,6,1,0
BRDA:121,7,0,0
BRDA:127,8,0,0
BRDA:129,9,0,0
BRDA:144,10,0,0
BRDA:144,10,1,0
BRDA:144,11,0,0
BRDA:144,11,1,0
BRDA:161,12,0,0
BRDA:186,13,0,0
BRDA:186,13,1,0
BRF:30
BRH:0
end_of_record
TN:
SF:src/dbc/tokens.ts
FNF:0
FNH:0
DA:6,3
DA:73,3
LF:2
LH:2
BRF:0
BRH:0
end_of_record
